This is pdfTeX, Version 3.14159265-2.6-1.40.17 (TeX Live 2016) (preloaded format=pdflatex 2017.1.26)  31 JAN 2018 18:18
entering extended mode
 restricted \write18 enabled.
 %&-line parsing enabled.
**Shih-HaoTseng_Resume.tex
(./Shih-HaoTseng_Resume.tex
LaTeX2e <2016/03/31>
Babel <3.9r> and hyphenation patterns for 79 language(s) loaded.
(/usr/share/texlive/texmf-dist/tex/latex/base/article.cls
Document Class: article 2014/09/29 v1.4h Standard LaTeX document class
(/usr/share/texlive/texmf-dist/tex/latex/base/size10.clo
File: size10.clo 2014/09/29 v1.4h Standard LaTeX file (size option)
)
\c@part=\count79
\c@section=\count80
\c@subsection=\count81
\c@subsubsection=\count82
\c@paragraph=\count83
\c@subparagraph=\count84
\c@figure=\count85
\c@table=\count86
\abovecaptionskip=\skip41
\belowcaptionskip=\skip42
\bibindent=\dimen102
) (./resume_format.tex (/usr/share/texlive/texmf-dist/tex/latex/geometry/geomet
ry.sty
Package: geometry 2010/09/12 v5.6 Page Geometry

(/usr/share/texlive/texmf-dist/tex/latex/graphics/keyval.sty
Package: keyval 2014/10/28 v1.15 key=value parser (DPC)
\KV@toks@=\toks14
)
(/usr/share/texlive/texmf-dist/tex/generic/oberdiek/ifpdf.sty
Package: ifpdf 2016/05/14 v3.1 Provides the ifpdf switch
)
(/usr/share/texlive/texmf-dist/tex/generic/oberdiek/ifvtex.sty
Package: ifvtex 2016/05/16 v1.6 Detect VTeX and its facilities (HO)
Package ifvtex Info: VTeX not detected.
)
(/usr/share/texlive/texmf-dist/tex/generic/ifxetex/ifxetex.sty
Package: ifxetex 2010/09/12 v0.6 Provides ifxetex conditional
)
\Gm@cnth=\count87
\Gm@cntv=\count88
\c@Gm@tempcnt=\count89
\Gm@bindingoffset=\dimen103
\Gm@wd@mp=\dimen104
\Gm@odd@mp=\dimen105
\Gm@even@mp=\dimen106
\Gm@layoutwidth=\dimen107
\Gm@layoutheight=\dimen108
\Gm@layouthoffset=\dimen109
\Gm@layoutvoffset=\dimen110
\Gm@dimlist=\toks15
)
(/usr/share/texlive/texmf-dist/tex/latex/base/fontenc.sty
Package: fontenc 2005/09/27 v1.99g Standard LaTeX package

(/usr/share/texlive/texmf-dist/tex/latex/base/t1enc.def
File: t1enc.def 2005/09/27 v1.99g Standard LaTeX file
LaTeX Font Info:    Redeclaring font encoding T1 on input line 48.
))
(/usr/share/texlive/texmf-dist/tex/latex/tools/tabularx.sty
Package: tabularx 2016/02/03 v2.11 `tabularx' package (DPC)

(/usr/share/texlive/texmf-dist/tex/latex/tools/array.sty
Package: array 2014/10/28 v2.4c Tabular extension package (FMi)
\col@sep=\dimen111
\extrarowheight=\dimen112
\NC@list=\toks16
\extratabsurround=\skip43
\backup@length=\skip44
)
\TX@col@width=\dimen113
\TX@old@table=\dimen114
\TX@old@col=\dimen115
\TX@target=\dimen116
\TX@delta=\dimen117
\TX@cols=\count90
\TX@ftn=\toks17
))
(./Shih-HaoTseng_Resume.aux)
\openout1 = `Shih-HaoTseng_Resume.aux'.

LaTeX Font Info:    Checking defaults for OML/cmm/m/it on input line 5.
LaTeX Font Info:    ... okay on input line 5.
LaTeX Font Info:    Checking defaults for T1/cmr/m/n on input line 5.
LaTeX Font Info:    ... okay on input line 5.
LaTeX Font Info:    Checking defaults for OT1/cmr/m/n on input line 5.
LaTeX Font Info:    ... okay on input line 5.
LaTeX Font Info:    Checking defaults for OMS/cmsy/m/n on input line 5.
LaTeX Font Info:    ... okay on input line 5.
LaTeX Font Info:    Checking defaults for OMX/cmex/m/n on input line 5.
LaTeX Font Info:    ... okay on input line 5.
LaTeX Font Info:    Checking defaults for U/cmr/m/n on input line 5.
LaTeX Font Info:    ... okay on input line 5.

*geometry* driver: auto-detecting
*geometry* detected driver: pdftex
*geometry* verbose mode - [ preamble ] result:
* driver: pdftex
* paper: a4paper
* layout: <same size as paper>
* layoutoffset:(h,v)=(0.0pt,0.0pt)
* modes: 
* h-part:(L,W,R)=(42.67912pt, 512.14963pt, 42.67912pt)
* v-part:(T,H,B)=(42.67912pt, 759.6886pt, 42.67912pt)
* \paperwidth=597.50787pt
* \paperheight=845.04684pt
* \textwidth=512.14963pt
* \textheight=759.6886pt
* \oddsidemargin=-29.59087pt
* \evensidemargin=-29.59087pt
* \topmargin=-66.59087pt
* \headheight=12.0pt
* \headsep=25.0pt
* \topskip=10.0pt
* \footskip=30.0pt
* \marginparwidth=65.0pt
* \marginparsep=11.0pt
* \columnsep=10.0pt
* \skip\footins=9.0pt plus 4.0pt minus 2.0pt
* \hoffset=0.0pt
* \voffset=0.0pt
* \mag=1000
* \@twocolumnfalse
* \@twosidefalse
* \@mparswitchfalse
* \@reversemarginfalse
* (1in=72.27pt=25.4mm, 1cm=28.453pt)


Underfull \hbox (badness 10000) in paragraph at lines 13--14

 []

(./sections/education.tex
Overfull \hbox (0.61905pt too wide) in alignment at lines 1--1
[][] 
 []


Overfull \hbox (0.61905pt too wide) in alignment at lines 2--2
[][] 
 []


Overfull \hbox (5.99998pt too wide) in alignment at lines 7--7
[] 
 []


Overfull \hbox (2.22165pt too wide) in paragraph at lines 1--9
[]  
 []


Overfull \hbox (0.61905pt too wide) in alignment at lines 10--10
[][] 
 []


Overfull \hbox (5.99998pt too wide) in alignment at lines 16--16
[] 
 []

)
Overfull \hbox (2.22165pt too wide) in paragraph at lines 10--16
[]  
 []

(./sections/research_interests.tex
Overfull \hbox (0.61905pt too wide) in alignment at lines 1--1
[][] 
 []


Overfull \hbox (5.99998pt too wide) in alignment at lines 7--7
[] 
 []

)
Overfull \hbox (2.22165pt too wide) in paragraph at lines 1--18
[]  
 []

(./sections/publications.tex
Overfull \hbox (0.61905pt too wide) in alignment at lines 1--1
[][] 
 []

(./Shih-HaoTseng_Resume.bbl) (./Shih-HaoTseng_Resume.bbl)
(./Shih-HaoTseng_Resume.bbl)
Overfull \hbox (5.99998pt too wide) in alignment at lines 7--7
[] 
 []

)
Overfull \hbox (2.22165pt too wide) in paragraph at lines 1--20
[]  
 []

(./sections/experience.tex
Overfull \hbox (0.61905pt too wide) in alignment at lines 1--1
[][] 
 []


Overfull \hbox (0.61905pt too wide) in alignment at lines 2--2
[][] 
 []


Overfull \hbox (5.99998pt too wide) in alignment at lines 7--7
[] 
 []


Overfull \hbox (0.61905pt too wide) in alignment at lines 8--8
[][] 
 []


Overfull \hbox (5.99998pt too wide) in alignment at lines 12--12
[] 
 []


Overfull \hbox (0.61905pt too wide) in alignment at lines 13--13
[][] 
 []


Overfull \hbox (5.99998pt too wide) in alignment at lines 17--17
[] 
 []


Overfull \hbox (2.22165pt too wide) in paragraph at lines 1--19
[]  
 []

) (./sections/skills.tex
Overfull \hbox (0.61905pt too wide) in alignment at lines 1--1
[][] 
 []


Overfull \hbox (5.99998pt too wide) in alignment at lines 15--15
[] 
 []

)
Overfull \hbox (2.22165pt too wide) in paragraph at lines 1--24
[]  
 []

[1

{/usr/share/texlive/texmf-dist/fonts/map/pdftex/updmap/pdftex.map}]
(./sections/honor_and_awards.tex
Overfull \hbox (0.61905pt too wide) in alignment at lines 1--1
[][] 
 []


Overfull \hbox (0.61905pt too wide) in alignment at lines 2--2
[][] 
 []


Overfull \hbox (5.99998pt too wide) in alignment at lines 5--5
[] 
 []


Overfull \hbox (0.61905pt too wide) in alignment at lines 6--6
[][] 
 []


Overfull \hbox (0.61905pt too wide) in alignment at lines 7--7
[][] 
 []


Overfull \hbox (0.61905pt too wide) in alignment at lines 8--8
[][] 
 []


Overfull \hbox (5.99998pt too wide) in alignment at lines 11--11
[] 
 []


Overfull \hbox (0.61905pt too wide) in alignment at lines 12--12
[][] 
 []


Overfull \hbox (5.99998pt too wide) in alignment at lines 15--15
[] 
 []


Overfull \hbox (0.61905pt too wide) in alignment at lines 16--16
[][] 
 []


Overfull \hbox (5.99998pt too wide) in alignment at lines 19--19
[] 
 []

) [2] (./Shih-HaoTseng_Resume.aux) ) 
Here is how much of TeX's memory you used:
 1083 strings out of 493046
 13605 string characters out of 6137253
 82884 words of memory out of 5000000
 4643 multiletter control sequences out of 15000+600000
 10339 words of font info for 23 fonts, out of 8000000 for 9000
 1137 hyphenation exceptions out of 8191
 26i,11n,32p,266b,259s stack positions out of 5000i,500n,10000p,200000b,80000s
{/usr/share/texlive/texmf-dist/fonts/enc/dv
ips/cm-super/cm-super-t1.enc}</usr/share/texlive/texmf-dist/fonts/type1/public/
amsfonts/cm/cmr10.pfb></usr/share/texlive/texmf-dist/fonts/type1/public/amsfont
s/cm/cmr7.pfb></usr/share/texlive/texmf-dist/fonts/type1/public/amsfonts/cm/cms
y10.pfb></usr/share/texlive/texmf-dist/fonts/type1/public/cm-super/sfbx1000.pfb
></usr/share/texlive/texmf-dist/fonts/type1/public/cm-super/sfrm1000.pfb></usr/
share/texlive/texmf-dist/fonts/type1/public/cm-super/sfti1000.pfb></usr/share/t
exlive/texmf-dist/fonts/type1/public/cm-super/sfxc1440.pfb></usr/share/texlive/
texmf-dist/fonts/type1/public/cm-super/sfxc2074.pfb>
Output written on Shih-HaoTseng_Resume.pdf (2 pages, 125292 bytes).
PDF statistics:
 44 PDF objects out of 1000 (max. 8388607)
 31 compressed objects within 1 object stream
 0 named destinations out of 1000 (max. 500000)
 1 words of extra memory for PDF output out of 10000 (max. 10000000)

